Arguments: 
  C:\Program Files\nodejs\node.exe C:\Users\Abu Abdullah\AppData\Roaming\npm\node_modules\yarn\bin\yarn.js add mongodb express cors nodemon

PATH: 
  C:\Python311\Scripts\;C:\Python311\;C:\Windows\system32;C:\Windows;C:\Windows\System32\Wbem;C:\Windows\System32\WindowsPowerShell\v1.0\;C:\Windows\System32\OpenSSH\;C:\Program Files\Git\cmd;C:\Program Files\nodejs\;C:\ProgramData\chocolatey\bin;C:\Program Files\dotnet\;C:\Users\Abu Abdullah\AppData\Local\Microsoft\WindowsApps;C:\Users\Abu Abdullah\AppData\Local\Programs\Microsoft VS Code\bin;C:\Users\Abu Abdullah\AppData\Roaming\npm;C:\Users\Abu Abdullah\.dotnet\tools

Yarn version: 
  1.22.19

Node version: 
  20.5.1

Platform: 
  win32 x64

Trace: 
  Error: getaddrinfo ENOTFOUND registry.yarnpkg.com
      at GetAddrInfoReqWrap.onlookupall [as oncomplete] (node:dns:118:26)

npm manifest: 
  {
    "name": "book-swap-server",
    "version": "1.0.0",
    "description": "",
    "main": "index.js",
    "scripts": {
      "start" : "nodemon index.js",
      "test": "echo \"Error: no test specified\" && exit 1"
    },
    "keywords": [],
    "author": "",
    "license": "ISC"
  }

yarn manifest: 
  No manifest

Lockfile: 
  No lockfile
